{"/Volumes/T7_Touch/code/backup.js/src/app/index.ts": {"path":"/Volumes/T7_Touch/code/backup.js/src/app/index.ts","statementMap":{"0":{"start":{"line":3,"column":18},"end":{"line":3,"column":19}},"1":{"start":{"line":4,"column":20},"end":{"line":4,"column":22}},"2":{"start":{"line":7,"column":19},"end":{"line":7,"column":30}},"3":{"start":{"line":8,"column":16},"end":{"line":8,"column":40}},"4":{"start":{"line":9,"column":4},"end":{"line":9,"column":42}},"5":{"start":{"line":9,"column":36},"end":{"line":9,"column":42}},"6":{"start":{"line":10,"column":4},"end":{"line":10,"column":26}},"7":{"start":{"line":14,"column":19},"end":{"line":14,"column":29}},"8":{"start":{"line":15,"column":16},"end":{"line":15,"column":40}},"9":{"start":{"line":16,"column":4},"end":{"line":16,"column":42}},"10":{"start":{"line":16,"column":36},"end":{"line":16,"column":42}},"11":{"start":{"line":17,"column":4},"end":{"line":17,"column":28}},"12":{"start":{"line":21,"column":4},"end":{"line":21,"column":22}},"13":{"start":{"line":23,"column":17},"end":{"line":23,"column":47}},"14":{"start":{"line":24,"column":4},"end":{"line":24,"column":27}},"15":{"start":{"line":25,"column":4},"end":{"line":25,"column":26}},"16":{"start":{"line":26,"column":4},"end":{"line":26,"column":37}},"17":{"start":{"line":30,"column":4},"end":{"line":30,"column":22}},"18":{"start":{"line":32,"column":15},"end":{"line":32,"column":47}},"19":{"start":{"line":33,"column":4},"end":{"line":33,"column":23}},"20":{"start":{"line":34,"column":4},"end":{"line":34,"column":35}},"21":{"start":{"line":38,"column":4},"end":{"line":38,"column":53}},"22":{"start":{"line":38,"column":42},"end":{"line":38,"column":53}},"23":{"start":{"line":40,"column":4},"end":{"line":40,"column":39}},"24":{"start":{"line":40,"column":28},"end":{"line":40,"column":39}},"25":{"start":{"line":41,"column":4},"end":{"line":41,"column":42}},"26":{"start":{"line":45,"column":4},"end":{"line":45,"column":14}}},"fnMap":{"0":{"name":"(anonymous_0)","decl":{"start":{"line":6,"column":2},"end":{"line":6,"column":3}},"loc":{"start":{"line":6,"column":51},"end":{"line":11,"column":3}},"line":6},"1":{"name":"(anonymous_1)","decl":{"start":{"line":13,"column":2},"end":{"line":13,"column":3}},"loc":{"start":{"line":13,"column":55},"end":{"line":18,"column":3}},"line":13},"2":{"name":"(anonymous_2)","decl":{"start":{"line":20,"column":2},"end":{"line":20,"column":3}},"loc":{"start":{"line":20,"column":39},"end":{"line":27,"column":3}},"line":20},"3":{"name":"(anonymous_3)","decl":{"start":{"line":29,"column":2},"end":{"line":29,"column":3}},"loc":{"start":{"line":29,"column":41},"end":{"line":35,"column":3}},"line":29},"4":{"name":"(anonymous_4)","decl":{"start":{"line":37,"column":2},"end":{"line":37,"column":3}},"loc":{"start":{"line":37,"column":58},"end":{"line":42,"column":3}},"line":37},"5":{"name":"(anonymous_5)","decl":{"start":{"line":44,"column":2},"end":{"line":44,"column":3}},"loc":{"start":{"line":44,"column":40},"end":{"line":46,"column":3}},"line":44}},"branchMap":{"0":{"loc":{"start":{"line":9,"column":4},"end":{"line":9,"column":42}},"type":"if","locations":[{"start":{"line":9,"column":4},"end":{"line":9,"column":42}},{"start":{},"end":{}}],"line":9},"1":{"loc":{"start":{"line":16,"column":4},"end":{"line":16,"column":42}},"type":"if","locations":[{"start":{"line":16,"column":4},"end":{"line":16,"column":42}},{"start":{},"end":{}}],"line":16},"2":{"loc":{"start":{"line":38,"column":4},"end":{"line":38,"column":53}},"type":"if","locations":[{"start":{"line":38,"column":4},"end":{"line":38,"column":53}},{"start":{},"end":{}}],"line":38},"3":{"loc":{"start":{"line":40,"column":4},"end":{"line":40,"column":39}},"type":"if","locations":[{"start":{"line":40,"column":4},"end":{"line":40,"column":39}},{"start":{},"end":{}}],"line":40},"4":{"loc":{"start":{"line":40,"column":8},"end":{"line":40,"column":26}},"type":"binary-expr","locations":[{"start":{"line":40,"column":8},"end":{"line":40,"column":15}},{"start":{"line":40,"column":19},"end":{"line":40,"column":26}}],"line":40}},"s":{"0":1,"1":1,"2":2,"3":2,"4":2,"5":1,"6":1,"7":2,"8":2,"9":2,"10":1,"11":1,"12":21,"13":21,"14":21,"15":21,"16":21,"17":21,"18":21,"19":21,"20":21,"21":12,"22":2,"23":10,"24":3,"25":7,"26":1},"f":{"0":2,"1":2,"2":21,"3":21,"4":12,"5":1},"b":{"0":[1,1],"1":[1,1],"2":[2,10],"3":[3,7],"4":[10,8]},"_coverageSchema":"1a1c01bbd47fc00a2c39e90264f33305004495a9","hash":"bdfcebc1e5f9e9e0afa6cfd6a02f61b6eadd184a"}
}
