TN:
SF:src/app/index.ts
FN:6,(anonymous_0)
FN:15,(anonymous_1)
FN:24,(anonymous_2)
FN:33,(anonymous_3)
FN:42,(anonymous_4)
FN:50,(anonymous_5)
FN:57,(anonymous_6)
FNF:7
FNH:7
FNDA:2,(anonymous_0)
FNDA:2,(anonymous_1)
FNDA:2,(anonymous_2)
FNDA:21,(anonymous_3)
FNDA:21,(anonymous_4)
FNDA:14,(anonymous_5)
FNDA:1,(anonymous_6)
DA:3,1
DA:4,1
DA:7,2
DA:8,2
DA:9,2
DA:10,1
DA:12,1
DA:16,2
DA:17,2
DA:18,2
DA:19,1
DA:21,1
DA:25,2
DA:26,2
DA:27,2
DA:28,1
DA:30,1
DA:34,21
DA:36,21
DA:37,21
DA:38,21
DA:39,21
DA:43,21
DA:45,21
DA:46,21
DA:47,21
DA:51,14
DA:53,14
DA:54,9
DA:58,1
LF:30
LH:30
BRDA:9,0,0,1
BRDA:9,0,1,1
BRDA:18,1,0,1
BRDA:18,1,1,1
BRDA:27,2,0,1
BRDA:27,2,1,1
BRDA:51,3,0,0
BRDA:51,3,1,14
BRDA:53,4,0,5
BRDA:53,4,1,9
BRDA:53,5,0,14
BRDA:53,5,1,12
BRF:12
BRH:11
end_of_record
