TN:
SF:src/app/index.ts
FN:6,(anonymous_0)
FN:13,(anonymous_1)
FN:20,(anonymous_2)
FN:27,(anonymous_3)
FN:36,(anonymous_4)
FN:44,(anonymous_5)
FN:51,(anonymous_6)
FNF:7
FNH:7
FNDA:2,(anonymous_0)
FNDA:2,(anonymous_1)
FNDA:2,(anonymous_2)
FNDA:21,(anonymous_3)
FNDA:21,(anonymous_4)
FNDA:14,(anonymous_5)
FNDA:1,(anonymous_6)
DA:3,1
DA:4,1
DA:7,2
DA:8,2
DA:9,2
DA:10,1
DA:14,2
DA:15,2
DA:16,2
DA:17,1
DA:21,2
DA:22,2
DA:23,2
DA:24,1
DA:28,21
DA:30,21
DA:31,21
DA:32,21
DA:33,21
DA:37,21
DA:39,21
DA:40,21
DA:41,21
DA:45,14
DA:47,12
DA:48,9
DA:52,1
LF:27
LH:27
BRDA:9,0,0,1
BRDA:9,0,1,1
BRDA:16,1,0,1
BRDA:16,1,1,1
BRDA:23,2,0,1
BRDA:23,2,1,1
BRDA:45,3,0,2
BRDA:45,3,1,12
BRDA:47,4,0,3
BRDA:47,4,1,9
BRDA:47,5,0,12
BRDA:47,5,1,10
BRF:12
BRH:12
end_of_record
